  winmain.cpp
d:\visual studio projects\cipher\constants.h(39): warning C4305: 'initializing': truncation from 'double' to 'float'
d:\visual studio projects\cipher\movecomponent.h(61): warning C4244: 'return': conversion from 'int' to 'float', possible loss of data
d:\visual studio projects\cipher\movecomponent.h(63): warning C4244: 'return': conversion from 'int' to 'float', possible loss of data
d:\visual studio projects\cipher\healthcomponent.h(27): error C2061: syntax error: identifier 'Characters'
d:\visual studio projects\cipher\healthcomponent.h(28): error C2061: syntax error: identifier 'Characters'
d:\visual studio projects\cipher\healthcomponent.h(29): error C2061: syntax error: identifier 'Characters'
d:\visual studio projects\cipher\healthcomponent.h(30): error C2061: syntax error: identifier 'Characters'
  map.cpp
d:\visual studio projects\cipher\constants.h(39): warning C4305: 'initializing': truncation from 'double' to 'float'
d:\visual studio projects\cipher\movecomponent.h(61): warning C4244: 'return': conversion from 'int' to 'float', possible loss of data
d:\visual studio projects\cipher\movecomponent.h(63): warning C4244: 'return': conversion from 'int' to 'float', possible loss of data
d:\visual studio projects\cipher\healthcomponent.h(27): error C2061: syntax error: identifier 'Characters'
d:\visual studio projects\cipher\healthcomponent.h(28): error C2061: syntax error: identifier 'Characters'
d:\visual studio projects\cipher\healthcomponent.h(29): error C2061: syntax error: identifier 'Characters'
d:\visual studio projects\cipher\healthcomponent.h(30): error C2061: syntax error: identifier 'Characters'
d:\visual studio projects\cipher\map.cpp(81): warning C4305: 'argument': truncation from 'double' to 'float'
d:\visual studio projects\cipher\map.cpp(87): warning C4305: 'argument': truncation from 'double' to 'float'
d:\visual studio projects\cipher\map.cpp(95): warning C4305: 'argument': truncation from 'double' to 'float'
d:\visual studio projects\cipher\map.cpp(103): warning C4305: 'argument': truncation from 'double' to 'float'
d:\visual studio projects\cipher\map.cpp(111): warning C4305: 'argument': truncation from 'double' to 'float'
d:\visual studio projects\cipher\map.cpp(119): warning C4305: 'argument': truncation from 'double' to 'float'
d:\visual studio projects\cipher\map.cpp(127): warning C4305: 'argument': truncation from 'double' to 'float'
d:\visual studio projects\cipher\map.cpp(135): warning C4305: 'argument': truncation from 'double' to 'float'
d:\visual studio projects\cipher\map.cpp(143): warning C4305: 'argument': truncation from 'double' to 'float'
  characters.cpp
d:\visual studio projects\cipher\constants.h(39): warning C4305: 'initializing': truncation from 'double' to 'float'
d:\visual studio projects\cipher\healthcomponent.h(27): error C2061: syntax error: identifier 'Characters'
d:\visual studio projects\cipher\healthcomponent.h(28): error C2061: syntax error: identifier 'Characters'
d:\visual studio projects\cipher\healthcomponent.h(29): error C2061: syntax error: identifier 'Characters'
d:\visual studio projects\cipher\healthcomponent.h(30): error C2061: syntax error: identifier 'Characters'
d:\visual studio projects\cipher\movecomponent.h(61): warning C4244: 'return': conversion from 'int' to 'float', possible loss of data
d:\visual studio projects\cipher\movecomponent.h(63): warning C4244: 'return': conversion from 'int' to 'float', possible loss of data
d:\visual studio projects\cipher\characters.cpp(55): error C2660: 'HealthComponent::update': function does not take 2 arguments
  Necrid.cpp
d:\visual studio projects\cipher\constants.h(39): warning C4305: 'initializing': truncation from 'double' to 'float'
d:\visual studio projects\cipher\healthcomponent.h(27): error C2061: syntax error: identifier 'Characters'
d:\visual studio projects\cipher\healthcomponent.h(28): error C2061: syntax error: identifier 'Characters'
d:\visual studio projects\cipher\healthcomponent.h(29): error C2061: syntax error: identifier 'Characters'
d:\visual studio projects\cipher\healthcomponent.h(30): error C2061: syntax error: identifier 'Characters'
d:\visual studio projects\cipher\movecomponent.h(61): warning C4244: 'return': conversion from 'int' to 'float', possible loss of data
d:\visual studio projects\cipher\movecomponent.h(63): warning C4244: 'return': conversion from 'int' to 'float', possible loss of data
d:\visual studio projects\cipher\necrid.cpp(9): error C2248: 'Characters::Q_CoolDown': cannot access private member declared in class 'Characters'
  d:\visual studio projects\cipher\characters.h(43): note: see declaration of 'Characters::Q_CoolDown'
  d:\visual studio projects\cipher\characters.h(30): note: see declaration of 'Characters'
d:\visual studio projects\cipher\necrid.cpp(10): error C2248: 'Characters::W_CoolDown': cannot access private member declared in class 'Characters'
  d:\visual studio projects\cipher\characters.h(44): note: see declaration of 'Characters::W_CoolDown'
  d:\visual studio projects\cipher\characters.h(30): note: see declaration of 'Characters'
d:\visual studio projects\cipher\necrid.cpp(11): error C2248: 'Characters::E_CoolDown': cannot access private member declared in class 'Characters'
  d:\visual studio projects\cipher\characters.h(45): note: see declaration of 'Characters::E_CoolDown'
  d:\visual studio projects\cipher\characters.h(30): note: see declaration of 'Characters'
d:\visual studio projects\cipher\necrid.cpp(46): error C2248: 'Characters::Q_CoolDown': cannot access private member declared in class 'Characters'
  d:\visual studio projects\cipher\characters.h(43): note: see declaration of 'Characters::Q_CoolDown'
  d:\visual studio projects\cipher\characters.h(30): note: see declaration of 'Characters'
d:\visual studio projects\cipher\necrid.cpp(47): error C2248: 'Characters::Q_on_CoolDown': cannot access private member declared in class 'Characters'
  d:\visual studio projects\cipher\characters.h(40): note: see declaration of 'Characters::Q_on_CoolDown'
  d:\visual studio projects\cipher\characters.h(30): note: see declaration of 'Characters'
d:\visual studio projects\cipher\necrid.cpp(51): error C2248: 'Characters::W_CoolDown': cannot access private member declared in class 'Characters'
  d:\visual studio projects\cipher\characters.h(44): note: see declaration of 'Characters::W_CoolDown'
  d:\visual studio projects\cipher\characters.h(30): note: see declaration of 'Characters'
d:\visual studio projects\cipher\necrid.cpp(52): error C2248: 'Characters::W_on_CoolDown': cannot access private member declared in class 'Characters'
  d:\visual studio projects\cipher\characters.h(41): note: see declaration of 'Characters::W_on_CoolDown'
  d:\visual studio projects\cipher\characters.h(30): note: see declaration of 'Characters'
d:\visual studio projects\cipher\necrid.cpp(56): error C2248: 'Characters::E_CoolDown': cannot access private member declared in class 'Characters'
  d:\visual studio projects\cipher\characters.h(45): note: see declaration of 'Characters::E_CoolDown'
  d:\visual studio projects\cipher\characters.h(30): note: see declaration of 'Characters'
d:\visual studio projects\cipher\necrid.cpp(57): error C2248: 'Characters::E_on_CoolDown': cannot access private member declared in class 'Characters'
  d:\visual studio projects\cipher\characters.h(42): note: see declaration of 'Characters::E_on_CoolDown'
  d:\visual studio projects\cipher\characters.h(30): note: see declaration of 'Characters'
d:\visual studio projects\cipher\necrid.cpp(61): error C2248: 'Characters::Q_CoolDown': cannot access private member declared in class 'Characters'
  d:\visual studio projects\cipher\characters.h(43): note: see declaration of 'Characters::Q_CoolDown'
  d:\visual studio projects\cipher\characters.h(30): note: see declaration of 'Characters'
d:\visual studio projects\cipher\necrid.cpp(62): error C2248: 'Characters::W_CoolDown': cannot access private member declared in class 'Characters'
  d:\visual studio projects\cipher\characters.h(44): note: see declaration of 'Characters::W_CoolDown'
  d:\visual studio projects\cipher\characters.h(30): note: see declaration of 'Characters'
d:\visual studio projects\cipher\necrid.cpp(63): error C2248: 'Characters::E_CoolDown': cannot access private member declared in class 'Characters'
  d:\visual studio projects\cipher\characters.h(45): note: see declaration of 'Characters::E_CoolDown'
  d:\visual studio projects\cipher\characters.h(30): note: see declaration of 'Characters'
d:\visual studio projects\cipher\necrid.cpp(64): error C2248: 'Characters::Q_on_CoolDown': cannot access private member declared in class 'Characters'
  d:\visual studio projects\cipher\characters.h(40): note: see declaration of 'Characters::Q_on_CoolDown'
  d:\visual studio projects\cipher\characters.h(30): note: see declaration of 'Characters'
d:\visual studio projects\cipher\necrid.cpp(65): error C2248: 'Characters::W_on_CoolDown': cannot access private member declared in class 'Characters'
  d:\visual studio projects\cipher\characters.h(41): note: see declaration of 'Characters::W_on_CoolDown'
  d:\visual studio projects\cipher\characters.h(30): note: see declaration of 'Characters'
d:\visual studio projects\cipher\necrid.cpp(66): error C2248: 'Characters::E_on_CoolDown': cannot access private member declared in class 'Characters'
  d:\visual studio projects\cipher\characters.h(42): note: see declaration of 'Characters::E_on_CoolDown'
  d:\visual studio projects\cipher\characters.h(30): note: see declaration of 'Characters'
  HealthComponent.cpp
d:\visual studio projects\cipher\constants.h(39): warning C4305: 'initializing': truncation from 'double' to 'float'
d:\visual studio projects\cipher\movecomponent.h(61): warning C4244: 'return': conversion from 'int' to 'float', possible loss of data
d:\visual studio projects\cipher\movecomponent.h(63): warning C4244: 'return': conversion from 'int' to 'float', possible loss of data
d:\visual studio projects\cipher\characters.h(49): error C2143: syntax error: missing ';' before '*'
d:\visual studio projects\cipher\characters.h(49): error C4430: missing type specifier - int assumed. Note: C++ does not support default-int
d:\visual studio projects\cipher\characters.h(49): error C2238: unexpected token(s) preceding ';'
d:\visual studio projects\cipher\healthcomponent.cpp(44): warning C4244: 'initializing': conversion from 'double' to 'float', possible loss of data
d:\visual studio projects\cipher\healthcomponent.cpp(45): warning C4244: 'initializing': conversion from 'double' to 'float', possible loss of data
d:\visual studio projects\cipher\healthcomponent.cpp(53): warning C4244: 'initializing': conversion from 'double' to 'float', possible loss of data
d:\visual studio projects\cipher\healthcomponent.cpp(54): warning C4244: 'initializing': conversion from 'double' to 'float', possible loss of data
  Freid.cpp
d:\visual studio projects\cipher\constants.h(39): warning C4305: 'initializing': truncation from 'double' to 'float'
d:\visual studio projects\cipher\healthcomponent.h(27): error C2061: syntax error: identifier 'Characters'
d:\visual studio projects\cipher\healthcomponent.h(28): error C2061: syntax error: identifier 'Characters'
d:\visual studio projects\cipher\healthcomponent.h(29): error C2061: syntax error: identifier 'Characters'
d:\visual studio projects\cipher\healthcomponent.h(30): error C2061: syntax error: identifier 'Characters'
d:\visual studio projects\cipher\movecomponent.h(61): warning C4244: 'return': conversion from 'int' to 'float', possible loss of data
d:\visual studio projects\cipher\movecomponent.h(63): warning C4244: 'return': conversion from 'int' to 'float', possible loss of data
d:\visual studio projects\cipher\freid.cpp(9): error C2248: 'Characters::Q_CoolDown': cannot access private member declared in class 'Characters'
  d:\visual studio projects\cipher\characters.h(43): note: see declaration of 'Characters::Q_CoolDown'
  d:\visual studio projects\cipher\characters.h(30): note: see declaration of 'Characters'
d:\visual studio projects\cipher\freid.cpp(10): error C2248: 'Characters::W_CoolDown': cannot access private member declared in class 'Characters'
  d:\visual studio projects\cipher\characters.h(44): note: see declaration of 'Characters::W_CoolDown'
  d:\visual studio projects\cipher\characters.h(30): note: see declaration of 'Characters'
d:\visual studio projects\cipher\freid.cpp(11): error C2248: 'Characters::E_CoolDown': cannot access private member declared in class 'Characters'
  d:\visual studio projects\cipher\characters.h(45): note: see declaration of 'Characters::E_CoolDown'
  d:\visual studio projects\cipher\characters.h(30): note: see declaration of 'Characters'
d:\visual studio projects\cipher\freid.cpp(46): error C2248: 'Characters::Q_CoolDown': cannot access private member declared in class 'Characters'
  d:\visual studio projects\cipher\characters.h(43): note: see declaration of 'Characters::Q_CoolDown'
  d:\visual studio projects\cipher\characters.h(30): note: see declaration of 'Characters'
d:\visual studio projects\cipher\freid.cpp(47): error C2248: 'Characters::Q_on_CoolDown': cannot access private member declared in class 'Characters'
  d:\visual studio projects\cipher\characters.h(40): note: see declaration of 'Characters::Q_on_CoolDown'
  d:\visual studio projects\cipher\characters.h(30): note: see declaration of 'Characters'
d:\visual studio projects\cipher\freid.cpp(51): error C2248: 'Characters::W_CoolDown': cannot access private member declared in class 'Characters'
  d:\visual studio projects\cipher\characters.h(44): note: see declaration of 'Characters::W_CoolDown'
  d:\visual studio projects\cipher\characters.h(30): note: see declaration of 'Characters'
d:\visual studio projects\cipher\freid.cpp(52): error C2248: 'Characters::W_on_CoolDown': cannot access private member declared in class 'Characters'
  d:\visual studio projects\cipher\characters.h(41): note: see declaration of 'Characters::W_on_CoolDown'
  d:\visual studio projects\cipher\characters.h(30): note: see declaration of 'Characters'
d:\visual studio projects\cipher\freid.cpp(56): error C2248: 'Characters::E_CoolDown': cannot access private member declared in class 'Characters'
  d:\visual studio projects\cipher\characters.h(45): note: see declaration of 'Characters::E_CoolDown'
  d:\visual studio projects\cipher\characters.h(30): note: see declaration of 'Characters'
d:\visual studio projects\cipher\freid.cpp(57): error C2248: 'Characters::E_on_CoolDown': cannot access private member declared in class 'Characters'
  d:\visual studio projects\cipher\characters.h(42): note: see declaration of 'Characters::E_on_CoolDown'
  d:\visual studio projects\cipher\characters.h(30): note: see declaration of 'Characters'
d:\visual studio projects\cipher\freid.cpp(61): error C2248: 'Characters::Q_CoolDown': cannot access private member declared in class 'Characters'
  d:\visual studio projects\cipher\characters.h(43): note: see declaration of 'Characters::Q_CoolDown'
  d:\visual studio projects\cipher\characters.h(30): note: see declaration of 'Characters'
d:\visual studio projects\cipher\freid.cpp(62): error C2248: 'Characters::W_CoolDown': cannot access private member declared in class 'Characters'
  d:\visual studio projects\cipher\characters.h(44): note: see declaration of 'Characters::W_CoolDown'
  d:\visual studio projects\cipher\characters.h(30): note: see declaration of 'Characters'
d:\visual studio projects\cipher\freid.cpp(63): error C2248: 'Characters::E_CoolDown': cannot access private member declared in class 'Characters'
  d:\visual studio projects\cipher\characters.h(45): note: see declaration of 'Characters::E_CoolDown'
  d:\visual studio projects\cipher\characters.h(30): note: see declaration of 'Characters'
d:\visual studio projects\cipher\freid.cpp(64): error C2248: 'Characters::Q_on_CoolDown': cannot access private member declared in class 'Characters'
  d:\visual studio projects\cipher\characters.h(40): note: see declaration of 'Characters::Q_on_CoolDown'
  d:\visual studio projects\cipher\characters.h(30): note: see declaration of 'Characters'
d:\visual studio projects\cipher\freid.cpp(65): error C2248: 'Characters::W_on_CoolDown': cannot access private member declared in class 'Characters'
  d:\visual studio projects\cipher\characters.h(41): note: see declaration of 'Characters::W_on_CoolDown'
  d:\visual studio projects\cipher\characters.h(30): note: see declaration of 'Characters'
d:\visual studio projects\cipher\freid.cpp(66): error C2248: 'Characters::E_on_CoolDown': cannot access private member declared in class 'Characters'
  d:\visual studio projects\cipher\characters.h(42): note: see declaration of 'Characters::E_on_CoolDown'
  d:\visual studio projects\cipher\characters.h(30): note: see declaration of 'Characters'
  Cyrax.cpp
d:\visual studio projects\cipher\constants.h(39): warning C4305: 'initializing': truncation from 'double' to 'float'
d:\visual studio projects\cipher\healthcomponent.h(27): error C2061: syntax error: identifier 'Characters'
d:\visual studio projects\cipher\healthcomponent.h(28): error C2061: syntax error: identifier 'Characters'
d:\visual studio projects\cipher\healthcomponent.h(29): error C2061: syntax error: identifier 'Characters'
d:\visual studio projects\cipher\healthcomponent.h(30): error C2061: syntax error: identifier 'Characters'
d:\visual studio projects\cipher\movecomponent.h(61): warning C4244: 'return': conversion from 'int' to 'float', possible loss of data
d:\visual studio projects\cipher\movecomponent.h(63): warning C4244: 'return': conversion from 'int' to 'float', possible loss of data
d:\visual studio projects\cipher\cyrax.cpp(9): error C2248: 'Characters::Q_CoolDown': cannot access private member declared in class 'Characters'
  d:\visual studio projects\cipher\characters.h(43): note: see declaration of 'Characters::Q_CoolDown'
  d:\visual studio projects\cipher\characters.h(30): note: see declaration of 'Characters'
d:\visual studio projects\cipher\cyrax.cpp(10): error C2248: 'Characters::W_CoolDown': cannot access private member declared in class 'Characters'
  d:\visual studio projects\cipher\characters.h(44): note: see declaration of 'Characters::W_CoolDown'
  d:\visual studio projects\cipher\characters.h(30): note: see declaration of 'Characters'
d:\visual studio projects\cipher\cyrax.cpp(11): error C2248: 'Characters::E_CoolDown': cannot access private member declared in class 'Characters'
  d:\visual studio projects\cipher\characters.h(45): note: see declaration of 'Characters::E_CoolDown'
  d:\visual studio projects\cipher\characters.h(30): note: see declaration of 'Characters'
d:\visual studio projects\cipher\cyrax.cpp(46): error C2248: 'Characters::Q_CoolDown': cannot access private member declared in class 'Characters'
  d:\visual studio projects\cipher\characters.h(43): note: see declaration of 'Characters::Q_CoolDown'
  d:\visual studio projects\cipher\characters.h(30): note: see declaration of 'Characters'
d:\visual studio projects\cipher\cyrax.cpp(47): error C2248: 'Characters::Q_on_CoolDown': cannot access private member declared in class 'Characters'
  d:\visual studio projects\cipher\characters.h(40): note: see declaration of 'Characters::Q_on_CoolDown'
  d:\visual studio projects\cipher\characters.h(30): note: see declaration of 'Characters'
d:\visual studio projects\cipher\cyrax.cpp(51): error C2248: 'Characters::W_CoolDown': cannot access private member declared in class 'Characters'
  d:\visual studio projects\cipher\characters.h(44): note: see declaration of 'Characters::W_CoolDown'
  d:\visual studio projects\cipher\characters.h(30): note: see declaration of 'Characters'
d:\visual studio projects\cipher\cyrax.cpp(52): error C2248: 'Characters::W_on_CoolDown': cannot access private member declared in class 'Characters'
  d:\visual studio projects\cipher\characters.h(41): note: see declaration of 'Characters::W_on_CoolDown'
  d:\visual studio projects\cipher\characters.h(30): note: see declaration of 'Characters'
d:\visual studio projects\cipher\cyrax.cpp(56): error C2248: 'Characters::E_CoolDown': cannot access private member declared in class 'Characters'
  d:\visual studio projects\cipher\characters.h(45): note: see declaration of 'Characters::E_CoolDown'
  d:\visual studio projects\cipher\characters.h(30): note: see declaration of 'Characters'
d:\visual studio projects\cipher\cyrax.cpp(57): error C2248: 'Characters::E_on_CoolDown': cannot access private member declared in class 'Characters'
  d:\visual studio projects\cipher\characters.h(42): note: see declaration of 'Characters::E_on_CoolDown'
  d:\visual studio projects\cipher\characters.h(30): note: see declaration of 'Characters'
d:\visual studio projects\cipher\cyrax.cpp(61): error C2248: 'Characters::Q_CoolDown': cannot access private member declared in class 'Characters'
  d:\visual studio projects\cipher\characters.h(43): note: see declaration of 'Characters::Q_CoolDown'
  d:\visual studio projects\cipher\characters.h(30): note: see declaration of 'Characters'
d:\visual studio projects\cipher\cyrax.cpp(62): error C2248: 'Characters::W_CoolDown': cannot access private member declared in class 'Characters'
  d:\visual studio projects\cipher\characters.h(44): note: see declaration of 'Characters::W_CoolDown'
  d:\visual studio projects\cipher\characters.h(30): note: see declaration of 'Characters'
d:\visual studio projects\cipher\cyrax.cpp(63): error C2248: 'Characters::E_CoolDown': cannot access private member declared in class 'Characters'
  d:\visual studio projects\cipher\characters.h(45): note: see declaration of 'Characters::E_CoolDown'
  d:\visual studio projects\cipher\characters.h(30): note: see declaration of 'Characters'
d:\visual studio projects\cipher\cyrax.cpp(64): error C2248: 'Characters::Q_on_CoolDown': cannot access private member declared in class 'Characters'
  d:\visual studio projects\cipher\characters.h(40): note: see declaration of 'Characters::Q_on_CoolDown'
  d:\visual studio projects\cipher\characters.h(30): note: see declaration of 'Characters'
d:\visual studio projects\cipher\cyrax.cpp(65): error C2248: 'Characters::W_on_CoolDown': cannot access private member declared in class 'Characters'
  d:\visual studio projects\cipher\characters.h(41): note: see declaration of 'Characters::W_on_CoolDown'
  d:\visual studio projects\cipher\characters.h(30): note: see declaration of 'Characters'
d:\visual studio projects\cipher\cyrax.cpp(66): error C2248: 'Characters::E_on_CoolDown': cannot access private member declared in class 'Characters'
  d:\visual studio projects\cipher\characters.h(42): note: see declaration of 'Characters::E_on_CoolDown'
  d:\visual studio projects\cipher\characters.h(30): note: see declaration of 'Characters'
  Cipher.cpp
d:\visual studio projects\cipher\constants.h(39): warning C4305: 'initializing': truncation from 'double' to 'float'
d:\visual studio projects\cipher\movecomponent.h(61): warning C4244: 'return': conversion from 'int' to 'float', possible loss of data
d:\visual studio projects\cipher\movecomponent.h(63): warning C4244: 'return': conversion from 'int' to 'float', possible loss of data
d:\visual studio projects\cipher\healthcomponent.h(27): error C2061: syntax error: identifier 'Characters'
d:\visual studio projects\cipher\healthcomponent.h(28): error C2061: syntax error: identifier 'Characters'
d:\visual studio projects\cipher\healthcomponent.h(29): error C2061: syntax error: identifier 'Characters'
d:\visual studio projects\cipher\healthcomponent.h(30): error C2061: syntax error: identifier 'Characters'
  Agent47.cpp
d:\visual studio projects\cipher\constants.h(39): warning C4305: 'initializing': truncation from 'double' to 'float'
d:\visual studio projects\cipher\healthcomponent.h(27): error C2061: syntax error: identifier 'Characters'
d:\visual studio projects\cipher\healthcomponent.h(28): error C2061: syntax error: identifier 'Characters'
d:\visual studio projects\cipher\healthcomponent.h(29): error C2061: syntax error: identifier 'Characters'
d:\visual studio projects\cipher\healthcomponent.h(30): error C2061: syntax error: identifier 'Characters'
d:\visual studio projects\cipher\movecomponent.h(61): warning C4244: 'return': conversion from 'int' to 'float', possible loss of data
d:\visual studio projects\cipher\movecomponent.h(63): warning C4244: 'return': conversion from 'int' to 'float', possible loss of data
d:\visual studio projects\cipher\agent47.cpp(9): error C2248: 'Characters::Q_CoolDown': cannot access private member declared in class 'Characters'
  d:\visual studio projects\cipher\characters.h(43): note: see declaration of 'Characters::Q_CoolDown'
  d:\visual studio projects\cipher\characters.h(30): note: see declaration of 'Characters'
d:\visual studio projects\cipher\agent47.cpp(10): error C2248: 'Characters::W_CoolDown': cannot access private member declared in class 'Characters'
  d:\visual studio projects\cipher\characters.h(44): note: see declaration of 'Characters::W_CoolDown'
  d:\visual studio projects\cipher\characters.h(30): note: see declaration of 'Characters'
d:\visual studio projects\cipher\agent47.cpp(11): error C2248: 'Characters::E_CoolDown': cannot access private member declared in class 'Characters'
  d:\visual studio projects\cipher\characters.h(45): note: see declaration of 'Characters::E_CoolDown'
  d:\visual studio projects\cipher\characters.h(30): note: see declaration of 'Characters'
d:\visual studio projects\cipher\agent47.cpp(46): error C2248: 'Characters::Q_CoolDown': cannot access private member declared in class 'Characters'
  d:\visual studio projects\cipher\characters.h(43): note: see declaration of 'Characters::Q_CoolDown'
  d:\visual studio projects\cipher\characters.h(30): note: see declaration of 'Characters'
d:\visual studio projects\cipher\agent47.cpp(47): error C2248: 'Characters::Q_on_CoolDown': cannot access private member declared in class 'Characters'
  d:\visual studio projects\cipher\characters.h(40): note: see declaration of 'Characters::Q_on_CoolDown'
  d:\visual studio projects\cipher\characters.h(30): note: see declaration of 'Characters'
d:\visual studio projects\cipher\agent47.cpp(51): error C2248: 'Characters::W_CoolDown': cannot access private member declared in class 'Characters'
  d:\visual studio projects\cipher\characters.h(44): note: see declaration of 'Characters::W_CoolDown'
  d:\visual studio projects\cipher\characters.h(30): note: see declaration of 'Characters'
d:\visual studio projects\cipher\agent47.cpp(52): error C2248: 'Characters::W_on_CoolDown': cannot access private member declared in class 'Characters'
  d:\visual studio projects\cipher\characters.h(41): note: see declaration of 'Characters::W_on_CoolDown'
  d:\visual studio projects\cipher\characters.h(30): note: see declaration of 'Characters'
d:\visual studio projects\cipher\agent47.cpp(56): error C2248: 'Characters::E_CoolDown': cannot access private member declared in class 'Characters'
  d:\visual studio projects\cipher\characters.h(45): note: see declaration of 'Characters::E_CoolDown'
  d:\visual studio projects\cipher\characters.h(30): note: see declaration of 'Characters'
d:\visual studio projects\cipher\agent47.cpp(57): error C2248: 'Characters::E_on_CoolDown': cannot access private member declared in class 'Characters'
  d:\visual studio projects\cipher\characters.h(42): note: see declaration of 'Characters::E_on_CoolDown'
  d:\visual studio projects\cipher\characters.h(30): note: see declaration of 'Characters'
d:\visual studio projects\cipher\agent47.cpp(61): error C2248: 'Characters::Q_CoolDown': cannot access private member declared in class 'Characters'
  d:\visual studio projects\cipher\characters.h(43): note: see declaration of 'Characters::Q_CoolDown'
  d:\visual studio projects\cipher\characters.h(30): note: see declaration of 'Characters'
d:\visual studio projects\cipher\agent47.cpp(62): error C2248: 'Characters::W_CoolDown': cannot access private member declared in class 'Characters'
  d:\visual studio projects\cipher\characters.h(44): note: see declaration of 'Characters::W_CoolDown'
  d:\visual studio projects\cipher\characters.h(30): note: see declaration of 'Characters'
d:\visual studio projects\cipher\agent47.cpp(63): error C2248: 'Characters::E_CoolDown': cannot access private member declared in class 'Characters'
  d:\visual studio projects\cipher\characters.h(45): note: see declaration of 'Characters::E_CoolDown'
  d:\visual studio projects\cipher\characters.h(30): note: see declaration of 'Characters'
d:\visual studio projects\cipher\agent47.cpp(64): error C2248: 'Characters::Q_on_CoolDown': cannot access private member declared in class 'Characters'
  d:\visual studio projects\cipher\characters.h(40): note: see declaration of 'Characters::Q_on_CoolDown'
  d:\visual studio projects\cipher\characters.h(30): note: see declaration of 'Characters'
d:\visual studio projects\cipher\agent47.cpp(65): error C2248: 'Characters::W_on_CoolDown': cannot access private member declared in class 'Characters'
  d:\visual studio projects\cipher\characters.h(41): note: see declaration of 'Characters::W_on_CoolDown'
  d:\visual studio projects\cipher\characters.h(30): note: see declaration of 'Characters'
d:\visual studio projects\cipher\agent47.cpp(66): error C2248: 'Characters::E_on_CoolDown': cannot access private member declared in class 'Characters'
  d:\visual studio projects\cipher\characters.h(42): note: see declaration of 'Characters::E_on_CoolDown'
  d:\visual studio projects\cipher\characters.h(30): note: see declaration of 'Characters'
  Generating Code...
